<!doctype html>
<html lang="en"><head><meta charSet="utf-8"/><meta http-equiv="X-UA-Compatible" content="IE=edge"/><meta name="viewport" content="width=device-width, initial-scale=1"/><title>index.html</title><link rel="stylesheet" href="assets/app.css"/></head><body data-raw="{&quot;stats&quot;:{&quot;suites&quot;:1,&quot;tests&quot;:13,&quot;passes&quot;:3,&quot;pending&quot;:0,&quot;failures&quot;:10,&quot;start&quot;:&quot;2021-07-24T00:43:46.824Z&quot;,&quot;end&quot;:&quot;2021-07-24T00:45:00.315Z&quot;,&quot;duration&quot;:72951,&quot;testsRegistered&quot;:13,&quot;passPercent&quot;:23.076923076923077,&quot;pendingPercent&quot;:0,&quot;other&quot;:0,&quot;hasOther&quot;:false,&quot;skipped&quot;:0,&quot;hasSkipped&quot;:false},&quot;results&quot;:[{&quot;uuid&quot;:&quot;127fb64e-566e-4ff3-a9a0-430598449cad&quot;,&quot;title&quot;:&quot;&quot;,&quot;fullFile&quot;:&quot;cypress/integration/login.feature&quot;,&quot;file&quot;:&quot;cypress/integration/login.feature&quot;,&quot;beforeHooks&quot;:[],&quot;afterHooks&quot;:[],&quot;tests&quot;:[],&quot;suites&quot;:[{&quot;uuid&quot;:&quot;919e53c0-2697-4c55-8ffb-0b1238290bca&quot;,&quot;title&quot;:&quot;Login Functionality&quot;,&quot;fullFile&quot;:&quot;&quot;,&quot;file&quot;:&quot;&quot;,&quot;beforeHooks&quot;:[],&quot;afterHooks&quot;:[],&quot;tests&quot;:[{&quot;title&quot;:&quot;TC001 - Verify that the login screen contains email textbox elements (Part 1) (example #1)&quot;,&quot;fullTitle&quot;:&quot;Login Functionality TC001 - Verify that the login screen contains email textbox elements (Part 1) (example #1)&quot;,&quot;timedOut&quot;:null,&quot;duration&quot;:4060,&quot;state&quot;:&quot;passed&quot;,&quot;speed&quot;:&quot;slow&quot;,&quot;pass&quot;:true,&quot;fail&quot;:false,&quot;pending&quot;:false,&quot;context&quot;:null,&quot;code&quot;:&quot;const state = window.testState;\nreturn cy\n  .then(() =&gt; state.onStartScenario(scenario, indexedSteps))\n  .then(() =&gt;\n    resolveAndRunBeforeHooks.call(this, scenario.tags, state.feature.name)\n  )\n  .then(() =&gt;\n    indexedSteps.forEach(step =&gt;\n      stepTest.call(this, state, step, rowData)\n    )\n  )\n  .then(() =&gt;\n    resolveAndRunAfterHooks.call(this, scenario.tags, state.feature.name)\n  )\n  .then(() =&gt; state.onFinishScenario(scenario));&quot;,&quot;err&quot;:{},&quot;uuid&quot;:&quot;35a8c945-f9cd-4d96-8d27-b27d7b1b5a34&quot;,&quot;parentUUID&quot;:&quot;919e53c0-2697-4c55-8ffb-0b1238290bca&quot;,&quot;isHook&quot;:false,&quot;skipped&quot;:false},{&quot;title&quot;:&quot;TC001 - Verify that the login screen contains Keep me login checkbox elements (Part 1) (example #2)&quot;,&quot;fullTitle&quot;:&quot;Login Functionality TC001 - Verify that the login screen contains Keep me login checkbox elements (Part 1) (example #2)&quot;,&quot;timedOut&quot;:null,&quot;duration&quot;:2551,&quot;state&quot;:&quot;passed&quot;,&quot;speed&quot;:&quot;slow&quot;,&quot;pass&quot;:true,&quot;fail&quot;:false,&quot;pending&quot;:false,&quot;context&quot;:null,&quot;code&quot;:&quot;const state = window.testState;\nreturn cy\n  .then(() =&gt; state.onStartScenario(scenario, indexedSteps))\n  .then(() =&gt;\n    resolveAndRunBeforeHooks.call(this, scenario.tags, state.feature.name)\n  )\n  .then(() =&gt;\n    indexedSteps.forEach(step =&gt;\n      stepTest.call(this, state, step, rowData)\n    )\n  )\n  .then(() =&gt;\n    resolveAndRunAfterHooks.call(this, scenario.tags, state.feature.name)\n  )\n  .then(() =&gt; state.onFinishScenario(scenario));&quot;,&quot;err&quot;:{},&quot;uuid&quot;:&quot;d3ca4249-caa6-4a98-a3c2-bd3375111fc9&quot;,&quot;parentUUID&quot;:&quot;919e53c0-2697-4c55-8ffb-0b1238290bca&quot;,&quot;isHook&quot;:false,&quot;skipped&quot;:false},{&quot;title&quot;:&quot;TC001 - Verify that the login screen contains Continue button elements (Part 1) (example #3)&quot;,&quot;fullTitle&quot;:&quot;Login Functionality TC001 - Verify that the login screen contains Continue button elements (Part 1) (example #3)&quot;,&quot;timedOut&quot;:null,&quot;duration&quot;:4793,&quot;state&quot;:&quot;failed&quot;,&quot;speed&quot;:null,&quot;pass&quot;:false,&quot;fail&quot;:true,&quot;pending&quot;:false,&quot;context&quot;:null,&quot;code&quot;:&quot;const state = window.testState;\nreturn cy\n  .then(() =&gt; state.onStartScenario(scenario, indexedSteps))\n  .then(() =&gt;\n    resolveAndRunBeforeHooks.call(this, scenario.tags, state.feature.name)\n  )\n  .then(() =&gt;\n    indexedSteps.forEach(step =&gt;\n      stepTest.call(this, state, step, rowData)\n    )\n  )\n  .then(() =&gt;\n    resolveAndRunAfterHooks.call(this, scenario.tags, state.feature.name)\n  )\n  .then(() =&gt; state.onFinishScenario(scenario));&quot;,&quot;err&quot;:{&quot;message&quot;:&quot;AssertionError: Timed out retrying after 4000ms: Expected to find element: `.sc-ESoVU`, but never found it.&quot;,&quot;estack&quot;:&quot;AssertionError: Timed out retrying after 4000ms: Expected to find element: `.sc-ESoVU`, but never found it.\n    at implementation (https://www.perlego.com/__cypress/tests?p=cypress/integration/login.feature:168:19)\n    at Context.eval (https://www.perlego.com/__cypress/tests?p=cypress/integration/login.feature:172:3)\n    at Context.resolveAndRunStepDefinition (https://www.perlego.com/__cypress/tests?p=cypress/integration/login.feature:10629:9)\n    at Context.eval (https://www.perlego.com/__cypress/tests?p=cypress/integration/login.feature:9971:35)&quot;,&quot;diff&quot;:null},&quot;uuid&quot;:&quot;1d7391eb-99f7-4f5a-8af7-81fb3c1bd282&quot;,&quot;parentUUID&quot;:&quot;919e53c0-2697-4c55-8ffb-0b1238290bca&quot;,&quot;isHook&quot;:false,&quot;skipped&quot;:false},{&quot;title&quot;:&quot;TC001 - Verify that the login screen contains Create an account link elements (Part 1) (example #4)&quot;,&quot;fullTitle&quot;:&quot;Login Functionality TC001 - Verify that the login screen contains Create an account link elements (Part 1) (example #4)&quot;,&quot;timedOut&quot;:null,&quot;duration&quot;:1734,&quot;state&quot;:&quot;passed&quot;,&quot;speed&quot;:&quot;slow&quot;,&quot;pass&quot;:true,&quot;fail&quot;:false,&quot;pending&quot;:false,&quot;context&quot;:null,&quot;code&quot;:&quot;const state = window.testState;\nreturn cy\n  .then(() =&gt; state.onStartScenario(scenario, indexedSteps))\n  .then(() =&gt;\n    resolveAndRunBeforeHooks.call(this, scenario.tags, state.feature.name)\n  )\n  .then(() =&gt;\n    indexedSteps.forEach(step =&gt;\n      stepTest.call(this, state, step, rowData)\n    )\n  )\n  .then(() =&gt;\n    resolveAndRunAfterHooks.call(this, scenario.tags, state.feature.name)\n  )\n  .then(() =&gt; state.onFinishScenario(scenario));&quot;,&quot;err&quot;:{},&quot;uuid&quot;:&quot;31b05c1d-a003-4c89-9d55-253d28a5fcce&quot;,&quot;parentUUID&quot;:&quot;919e53c0-2697-4c55-8ffb-0b1238290bca&quot;,&quot;isHook&quot;:false,&quot;skipped&quot;:false},{&quot;title&quot;:&quot;TC001 - Verify that the login screen contains Password textbox elements (Part 2) (example #1)&quot;,&quot;fullTitle&quot;:&quot;Login Functionality TC001 - Verify that the login screen contains Password textbox elements (Part 2) (example #1)&quot;,&quot;timedOut&quot;:null,&quot;duration&quot;:6636,&quot;state&quot;:&quot;failed&quot;,&quot;speed&quot;:null,&quot;pass&quot;:false,&quot;fail&quot;:true,&quot;pending&quot;:false,&quot;context&quot;:null,&quot;code&quot;:&quot;const state = window.testState;\nreturn cy\n  .then(() =&gt; state.onStartScenario(scenario, indexedSteps))\n  .then(() =&gt;\n    resolveAndRunBeforeHooks.call(this, scenario.tags, state.feature.name)\n  )\n  .then(() =&gt;\n    indexedSteps.forEach(step =&gt;\n      stepTest.call(this, state, step, rowData)\n    )\n  )\n  .then(() =&gt;\n    resolveAndRunAfterHooks.call(this, scenario.tags, state.feature.name)\n  )\n  .then(() =&gt; state.onFinishScenario(scenario));&quot;,&quot;err&quot;:{&quot;message&quot;:&quot;AssertionError: Timed out retrying after 4000ms: Expected to find element: `.sc-ESoVU`, but never found it.&quot;,&quot;estack&quot;:&quot;AssertionError: Timed out retrying after 4000ms: Expected to find element: `.sc-ESoVU`, but never found it.\n    at Context.eval (https://www.perlego.com/__cypress/tests?p=cypress/integration/login.feature:93:6)\n    at Context.resolveAndRunStepDefinition (https://www.perlego.com/__cypress/tests?p=cypress/integration/login.feature:10629:9)\n    at Context.eval (https://www.perlego.com/__cypress/tests?p=cypress/integration/login.feature:9971:35)&quot;,&quot;diff&quot;:null},&quot;uuid&quot;:&quot;bedd48db-89ed-4966-a2ab-71d95ee580b0&quot;,&quot;parentUUID&quot;:&quot;919e53c0-2697-4c55-8ffb-0b1238290bca&quot;,&quot;isHook&quot;:false,&quot;skipped&quot;:false},{&quot;title&quot;:&quot;TC001 - Verify that the login screen contains Forgot password elements (Part 2) (example #2)&quot;,&quot;fullTitle&quot;:&quot;Login Functionality TC001 - Verify that the login screen contains Forgot password elements (Part 2) (example #2)&quot;,&quot;timedOut&quot;:null,&quot;duration&quot;:7164,&quot;state&quot;:&quot;failed&quot;,&quot;speed&quot;:null,&quot;pass&quot;:false,&quot;fail&quot;:true,&quot;pending&quot;:false,&quot;context&quot;:null,&quot;code&quot;:&quot;const state = window.testState;\nreturn cy\n  .then(() =&gt; state.onStartScenario(scenario, indexedSteps))\n  .then(() =&gt;\n    resolveAndRunBeforeHooks.call(this, scenario.tags, state.feature.name)\n  )\n  .then(() =&gt;\n    indexedSteps.forEach(step =&gt;\n      stepTest.call(this, state, step, rowData)\n    )\n  )\n  .then(() =&gt;\n    resolveAndRunAfterHooks.call(this, scenario.tags, state.feature.name)\n  )\n  .then(() =&gt; state.onFinishScenario(scenario));&quot;,&quot;err&quot;:{&quot;message&quot;:&quot;AssertionError: Timed out retrying after 4000ms: Expected to find element: `.sc-ESoVU`, but never found it.&quot;,&quot;estack&quot;:&quot;AssertionError: Timed out retrying after 4000ms: Expected to find element: `.sc-ESoVU`, but never found it.\n    at Context.eval (https://www.perlego.com/__cypress/tests?p=cypress/integration/login.feature:93:6)\n    at Context.resolveAndRunStepDefinition (https://www.perlego.com/__cypress/tests?p=cypress/integration/login.feature:10629:9)\n    at Context.eval (https://www.perlego.com/__cypress/tests?p=cypress/integration/login.feature:9971:35)&quot;,&quot;diff&quot;:null},&quot;uuid&quot;:&quot;1cdd703b-fbdf-4d21-8357-e8de691d411d&quot;,&quot;parentUUID&quot;:&quot;919e53c0-2697-4c55-8ffb-0b1238290bca&quot;,&quot;isHook&quot;:false,&quot;skipped&quot;:false},{&quot;title&quot;:&quot;TC001 - Verify that the login screen contains Login button elements (Part 2) (example #3)&quot;,&quot;fullTitle&quot;:&quot;Login Functionality TC001 - Verify that the login screen contains Login button elements (Part 2) (example #3)&quot;,&quot;timedOut&quot;:null,&quot;duration&quot;:6227,&quot;state&quot;:&quot;failed&quot;,&quot;speed&quot;:null,&quot;pass&quot;:false,&quot;fail&quot;:true,&quot;pending&quot;:false,&quot;context&quot;:null,&quot;code&quot;:&quot;const state = window.testState;\nreturn cy\n  .then(() =&gt; state.onStartScenario(scenario, indexedSteps))\n  .then(() =&gt;\n    resolveAndRunBeforeHooks.call(this, scenario.tags, state.feature.name)\n  )\n  .then(() =&gt;\n    indexedSteps.forEach(step =&gt;\n      stepTest.call(this, state, step, rowData)\n    )\n  )\n  .then(() =&gt;\n    resolveAndRunAfterHooks.call(this, scenario.tags, state.feature.name)\n  )\n  .then(() =&gt; state.onFinishScenario(scenario));&quot;,&quot;err&quot;:{&quot;message&quot;:&quot;AssertionError: Timed out retrying after 4000ms: Expected to find element: `.sc-ESoVU`, but never found it.&quot;,&quot;estack&quot;:&quot;AssertionError: Timed out retrying after 4000ms: Expected to find element: `.sc-ESoVU`, but never found it.\n    at Context.eval (https://www.perlego.com/__cypress/tests?p=cypress/integration/login.feature:93:6)\n    at Context.resolveAndRunStepDefinition (https://www.perlego.com/__cypress/tests?p=cypress/integration/login.feature:10629:9)\n    at Context.eval (https://www.perlego.com/__cypress/tests?p=cypress/integration/login.feature:9971:35)&quot;,&quot;diff&quot;:null},&quot;uuid&quot;:&quot;96a2e777-8196-4e41-8b73-88c9ec446676&quot;,&quot;parentUUID&quot;:&quot;919e53c0-2697-4c55-8ffb-0b1238290bca&quot;,&quot;isHook&quot;:false,&quot;skipped&quot;:false},{&quot;title&quot;:&quot;TC001 - Verify that the login screen contains Create an account link elements (Part 2) (example #4)&quot;,&quot;fullTitle&quot;:&quot;Login Functionality TC001 - Verify that the login screen contains Create an account link elements (Part 2) (example #4)&quot;,&quot;timedOut&quot;:null,&quot;duration&quot;:7196,&quot;state&quot;:&quot;failed&quot;,&quot;speed&quot;:null,&quot;pass&quot;:false,&quot;fail&quot;:true,&quot;pending&quot;:false,&quot;context&quot;:null,&quot;code&quot;:&quot;const state = window.testState;\nreturn cy\n  .then(() =&gt; state.onStartScenario(scenario, indexedSteps))\n  .then(() =&gt;\n    resolveAndRunBeforeHooks.call(this, scenario.tags, state.feature.name)\n  )\n  .then(() =&gt;\n    indexedSteps.forEach(step =&gt;\n      stepTest.call(this, state, step, rowData)\n    )\n  )\n  .then(() =&gt;\n    resolveAndRunAfterHooks.call(this, scenario.tags, state.feature.name)\n  )\n  .then(() =&gt; state.onFinishScenario(scenario));&quot;,&quot;err&quot;:{&quot;message&quot;:&quot;AssertionError: Timed out retrying after 4000ms: Expected to find element: `.sc-ESoVU`, but never found it.&quot;,&quot;estack&quot;:&quot;AssertionError: Timed out retrying after 4000ms: Expected to find element: `.sc-ESoVU`, but never found it.\n    at Context.eval (https://www.perlego.com/__cypress/tests?p=cypress/integration/login.feature:93:6)\n    at Context.resolveAndRunStepDefinition (https://www.perlego.com/__cypress/tests?p=cypress/integration/login.feature:10629:9)\n    at Context.eval (https://www.perlego.com/__cypress/tests?p=cypress/integration/login.feature:9971:35)&quot;,&quot;diff&quot;:null},&quot;uuid&quot;:&quot;f1cd5db5-0d4a-454e-b477-ce4b45708f5d&quot;,&quot;parentUUID&quot;:&quot;919e53c0-2697-4c55-8ffb-0b1238290bca&quot;,&quot;isHook&quot;:false,&quot;skipped&quot;:false},{&quot;title&quot;:&quot;TC003 - Verify if a user will be able to login with a valid username and valid password&quot;,&quot;fullTitle&quot;:&quot;Login Functionality TC003 - Verify if a user will be able to login with a valid username and valid password&quot;,&quot;timedOut&quot;:null,&quot;duration&quot;:6305,&quot;state&quot;:&quot;failed&quot;,&quot;speed&quot;:null,&quot;pass&quot;:false,&quot;fail&quot;:true,&quot;pending&quot;:false,&quot;context&quot;:null,&quot;code&quot;:&quot;const state = window.testState;\nreturn cy\n  .then(() =&gt; state.onStartScenario(scenario, indexedSteps))\n  .then(() =&gt;\n    resolveAndRunBeforeHooks.call(this, scenario.tags, state.feature.name)\n  )\n  .then(() =&gt;\n    indexedSteps.forEach(step =&gt;\n      stepTest.call(this, state, step, rowData)\n    )\n  )\n  .then(() =&gt;\n    resolveAndRunAfterHooks.call(this, scenario.tags, state.feature.name)\n  )\n  .then(() =&gt; state.onFinishScenario(scenario));&quot;,&quot;err&quot;:{&quot;message&quot;:&quot;AssertionError: Timed out retrying after 4000ms: Expected to find element: `.sc-ESoVU`, but never found it.&quot;,&quot;estack&quot;:&quot;AssertionError: Timed out retrying after 4000ms: Expected to find element: `.sc-ESoVU`, but never found it.\n    at Context.eval (https://www.perlego.com/__cypress/tests?p=cypress/integration/login.feature:93:6)\n    at Context.resolveAndRunStepDefinition (https://www.perlego.com/__cypress/tests?p=cypress/integration/login.feature:10629:9)\n    at Context.eval (https://www.perlego.com/__cypress/tests?p=cypress/integration/login.feature:9971:35)&quot;,&quot;diff&quot;:null},&quot;uuid&quot;:&quot;99a41324-70aa-4e39-8dd2-78e624ec46c3&quot;,&quot;parentUUID&quot;:&quot;919e53c0-2697-4c55-8ffb-0b1238290bca&quot;,&quot;isHook&quot;:false,&quot;skipped&quot;:false},{&quot;title&quot;:&quot;TC005,TC006 - Verify if a user will be able to login with a invalid/Empty: WrongPassword (example #1)&quot;,&quot;fullTitle&quot;:&quot;Login Functionality TC005,TC006 - Verify if a user will be able to login with a invalid/Empty: WrongPassword (example #1)&quot;,&quot;timedOut&quot;:null,&quot;duration&quot;:7239,&quot;state&quot;:&quot;failed&quot;,&quot;speed&quot;:null,&quot;pass&quot;:false,&quot;fail&quot;:true,&quot;pending&quot;:false,&quot;context&quot;:null,&quot;code&quot;:&quot;const state = window.testState;\nreturn cy\n  .then(() =&gt; state.onStartScenario(scenario, indexedSteps))\n  .then(() =&gt;\n    resolveAndRunBeforeHooks.call(this, scenario.tags, state.feature.name)\n  )\n  .then(() =&gt;\n    indexedSteps.forEach(step =&gt;\n      stepTest.call(this, state, step, rowData)\n    )\n  )\n  .then(() =&gt;\n    resolveAndRunAfterHooks.call(this, scenario.tags, state.feature.name)\n  )\n  .then(() =&gt; state.onFinishScenario(scenario));&quot;,&quot;err&quot;:{&quot;message&quot;:&quot;AssertionError: Timed out retrying after 4000ms: Expected to find element: `.sc-ESoVU`, but never found it.&quot;,&quot;estack&quot;:&quot;AssertionError: Timed out retrying after 4000ms: Expected to find element: `.sc-ESoVU`, but never found it.\n    at Context.eval (https://www.perlego.com/__cypress/tests?p=cypress/integration/login.feature:93:6)\n    at Context.resolveAndRunStepDefinition (https://www.perlego.com/__cypress/tests?p=cypress/integration/login.feature:10629:9)\n    at Context.eval (https://www.perlego.com/__cypress/tests?p=cypress/integration/login.feature:9971:35)&quot;,&quot;diff&quot;:null},&quot;uuid&quot;:&quot;f8044970-d1c1-490d-9bb7-da8271357c02&quot;,&quot;parentUUID&quot;:&quot;919e53c0-2697-4c55-8ffb-0b1238290bca&quot;,&quot;isHook&quot;:false,&quot;skipped&quot;:false},{&quot;title&quot;:&quot;TC005,TC006 - Verify if a user will be able to login with a invalid/Empty: NoPassword (example #2)&quot;,&quot;fullTitle&quot;:&quot;Login Functionality TC005,TC006 - Verify if a user will be able to login with a invalid/Empty: NoPassword (example #2)&quot;,&quot;timedOut&quot;:null,&quot;duration&quot;:6186,&quot;state&quot;:&quot;failed&quot;,&quot;speed&quot;:null,&quot;pass&quot;:false,&quot;fail&quot;:true,&quot;pending&quot;:false,&quot;context&quot;:null,&quot;code&quot;:&quot;const state = window.testState;\nreturn cy\n  .then(() =&gt; state.onStartScenario(scenario, indexedSteps))\n  .then(() =&gt;\n    resolveAndRunBeforeHooks.call(this, scenario.tags, state.feature.name)\n  )\n  .then(() =&gt;\n    indexedSteps.forEach(step =&gt;\n      stepTest.call(this, state, step, rowData)\n    )\n  )\n  .then(() =&gt;\n    resolveAndRunAfterHooks.call(this, scenario.tags, state.feature.name)\n  )\n  .then(() =&gt; state.onFinishScenario(scenario));&quot;,&quot;err&quot;:{&quot;message&quot;:&quot;AssertionError: Timed out retrying after 4000ms: Expected to find element: `.sc-ESoVU`, but never found it.&quot;,&quot;estack&quot;:&quot;AssertionError: Timed out retrying after 4000ms: Expected to find element: `.sc-ESoVU`, but never found it.\n    at Context.eval (https://www.perlego.com/__cypress/tests?p=cypress/integration/login.feature:93:6)\n    at Context.resolveAndRunStepDefinition (https://www.perlego.com/__cypress/tests?p=cypress/integration/login.feature:10629:9)\n    at Context.eval (https://www.perlego.com/__cypress/tests?p=cypress/integration/login.feature:9971:35)&quot;,&quot;diff&quot;:null},&quot;uuid&quot;:&quot;a36b2dc6-7303-4368-b912-8aa2fc731956&quot;,&quot;parentUUID&quot;:&quot;919e53c0-2697-4c55-8ffb-0b1238290bca&quot;,&quot;isHook&quot;:false,&quot;skipped&quot;:false},{&quot;title&quot;:&quot;TC004 - Verify if a user will be able to login with a invalid/Empty: WrongEmail (example #1)&quot;,&quot;fullTitle&quot;:&quot;Login Functionality TC004 - Verify if a user will be able to login with a invalid/Empty: WrongEmail (example #1)&quot;,&quot;timedOut&quot;:null,&quot;duration&quot;:7157,&quot;state&quot;:&quot;failed&quot;,&quot;speed&quot;:null,&quot;pass&quot;:false,&quot;fail&quot;:true,&quot;pending&quot;:false,&quot;context&quot;:null,&quot;code&quot;:&quot;const state = window.testState;\nreturn cy\n  .then(() =&gt; state.onStartScenario(scenario, indexedSteps))\n  .then(() =&gt;\n    resolveAndRunBeforeHooks.call(this, scenario.tags, state.feature.name)\n  )\n  .then(() =&gt;\n    indexedSteps.forEach(step =&gt;\n      stepTest.call(this, state, step, rowData)\n    )\n  )\n  .then(() =&gt;\n    resolveAndRunAfterHooks.call(this, scenario.tags, state.feature.name)\n  )\n  .then(() =&gt; state.onFinishScenario(scenario));&quot;,&quot;err&quot;:{&quot;message&quot;:&quot;AssertionError: Timed out retrying after 4000ms: Expected to find element: `.sc-ESoVU`, but never found it.&quot;,&quot;estack&quot;:&quot;AssertionError: Timed out retrying after 4000ms: Expected to find element: `.sc-ESoVU`, but never found it.\n    at Context.eval (https://www.perlego.com/__cypress/tests?p=cypress/integration/login.feature:93:6)\n    at Context.resolveAndRunStepDefinition (https://www.perlego.com/__cypress/tests?p=cypress/integration/login.feature:10629:9)\n    at Context.eval (https://www.perlego.com/__cypress/tests?p=cypress/integration/login.feature:9971:35)&quot;,&quot;diff&quot;:null},&quot;uuid&quot;:&quot;d7c0cb07-b6d1-41fd-972d-00d582127c4a&quot;,&quot;parentUUID&quot;:&quot;919e53c0-2697-4c55-8ffb-0b1238290bca&quot;,&quot;isHook&quot;:false,&quot;skipped&quot;:false},{&quot;title&quot;:&quot;TC004 - Verify if a user will be able to login with a invalid/Empty: NoEmail (example #2)&quot;,&quot;fullTitle&quot;:&quot;Login Functionality TC004 - Verify if a user will be able to login with a invalid/Empty: NoEmail (example #2)&quot;,&quot;timedOut&quot;:null,&quot;duration&quot;:5703,&quot;state&quot;:&quot;failed&quot;,&quot;speed&quot;:null,&quot;pass&quot;:false,&quot;fail&quot;:true,&quot;pending&quot;:false,&quot;context&quot;:null,&quot;code&quot;:&quot;const state = window.testState;\nreturn cy\n  .then(() =&gt; state.onStartScenario(scenario, indexedSteps))\n  .then(() =&gt;\n    resolveAndRunBeforeHooks.call(this, scenario.tags, state.feature.name)\n  )\n  .then(() =&gt;\n    indexedSteps.forEach(step =&gt;\n      stepTest.call(this, state, step, rowData)\n    )\n  )\n  .then(() =&gt;\n    resolveAndRunAfterHooks.call(this, scenario.tags, state.feature.name)\n  )\n  .then(() =&gt; state.onFinishScenario(scenario));&quot;,&quot;err&quot;:{&quot;message&quot;:&quot;AssertionError: Timed out retrying after 4000ms: Expected to find element: `.sc-ESoVU`, but never found it.&quot;,&quot;estack&quot;:&quot;AssertionError: Timed out retrying after 4000ms: Expected to find element: `.sc-ESoVU`, but never found it.\n    at Context.eval (https://www.perlego.com/__cypress/tests?p=cypress/integration/login.feature:93:6)\n    at Context.resolveAndRunStepDefinition (https://www.perlego.com/__cypress/tests?p=cypress/integration/login.feature:10629:9)\n    at Context.eval (https://www.perlego.com/__cypress/tests?p=cypress/integration/login.feature:9971:35)&quot;,&quot;diff&quot;:null},&quot;uuid&quot;:&quot;b94e4c1c-8a19-4158-a9e3-b2e02fa927ec&quot;,&quot;parentUUID&quot;:&quot;919e53c0-2697-4c55-8ffb-0b1238290bca&quot;,&quot;isHook&quot;:false,&quot;skipped&quot;:false}],&quot;suites&quot;:[],&quot;passes&quot;:[&quot;35a8c945-f9cd-4d96-8d27-b27d7b1b5a34&quot;,&quot;d3ca4249-caa6-4a98-a3c2-bd3375111fc9&quot;,&quot;31b05c1d-a003-4c89-9d55-253d28a5fcce&quot;],&quot;failures&quot;:[&quot;1d7391eb-99f7-4f5a-8af7-81fb3c1bd282&quot;,&quot;bedd48db-89ed-4966-a2ab-71d95ee580b0&quot;,&quot;1cdd703b-fbdf-4d21-8357-e8de691d411d&quot;,&quot;96a2e777-8196-4e41-8b73-88c9ec446676&quot;,&quot;f1cd5db5-0d4a-454e-b477-ce4b45708f5d&quot;,&quot;99a41324-70aa-4e39-8dd2-78e624ec46c3&quot;,&quot;f8044970-d1c1-490d-9bb7-da8271357c02&quot;,&quot;a36b2dc6-7303-4368-b912-8aa2fc731956&quot;,&quot;d7c0cb07-b6d1-41fd-972d-00d582127c4a&quot;,&quot;b94e4c1c-8a19-4158-a9e3-b2e02fa927ec&quot;],&quot;pending&quot;:[],&quot;skipped&quot;:[],&quot;duration&quot;:72951,&quot;root&quot;:false,&quot;rootEmpty&quot;:false,&quot;_timeout&quot;:2000}],&quot;passes&quot;:[],&quot;failures&quot;:[],&quot;pending&quot;:[],&quot;skipped&quot;:[],&quot;duration&quot;:0,&quot;root&quot;:true,&quot;rootEmpty&quot;:true,&quot;_timeout&quot;:2000}],&quot;meta&quot;:{&quot;mocha&quot;:{&quot;version&quot;:&quot;7.0.1&quot;},&quot;mochawesome&quot;:{&quot;options&quot;:{&quot;quiet&quot;:false,&quot;reportFilename&quot;:&quot;mochawesome&quot;,&quot;saveHtml&quot;:true,&quot;saveJson&quot;:true,&quot;consoleReporter&quot;:&quot;spec&quot;,&quot;useInlineDiffs&quot;:false,&quot;code&quot;:true},&quot;version&quot;:&quot;6.2.2&quot;},&quot;marge&quot;:{&quot;options&quot;:{&quot;reporterEnabled&quot;:&quot;mochawesome&quot;,&quot;mochawesomeReporterOptions&quot;:{&quot;reportDir&quot;:&quot;cypress/reports/mocha&quot;,&quot;quite&quot;:true,&quot;overwrite&quot;:true,&quot;html&quot;:false,&quot;json&quot;:true}},&quot;version&quot;:&quot;5.2.0&quot;}}}" data-config="{&quot;reportFilename&quot;:&quot;index&quot;,&quot;reportDir&quot;:&quot;public&quot;,&quot;reportTitle&quot;:&quot;amt-cypress-perlego_login_form&quot;,&quot;reportPageTitle&quot;:&quot;index.html&quot;,&quot;inline&quot;:false,&quot;inlineAssets&quot;:false,&quot;assetsDir&quot;:&quot;public/assets&quot;,&quot;cdn&quot;:false,&quot;charts&quot;:false,&quot;enableCharts&quot;:false,&quot;code&quot;:true,&quot;enableCode&quot;:true,&quot;autoOpen&quot;:false,&quot;overwrite&quot;:true,&quot;timestamp&quot;:false,&quot;ts&quot;:false,&quot;showPassed&quot;:true,&quot;showFailed&quot;:true,&quot;showPending&quot;:true,&quot;showSkipped&quot;:false,&quot;showHooks&quot;:&quot;failed&quot;,&quot;saveJson&quot;:false,&quot;saveHtml&quot;:true,&quot;dev&quot;:false,&quot;htmlFile&quot;:&quot;/__w/amt-cypress-perlego_login_form/amt-cypress-perlego_login_form/public/index.html&quot;}"><div id="report"></div><script src="assets/app.js"></script></body></html>